TN:
SF:/Users/andeladeveloper/Documents/Javascript/checkpoint/document-management-system/server/config/app.js
FNF:0
FNH:0
DA:2,1
DA:3,1
DA:4,1
DA:5,1
DA:7,1
DA:8,1
DA:11,1
DA:14,1
DA:15,1
DA:18,1
DA:21,1
DA:24,1
DA:25,0
LF:13
LH:12
BRDA:24,0,0,0
BRDA:24,0,1,1
BRF:2
BRH:1
end_of_record
TN:
SF:/Users/andeladeveloper/Documents/Javascript/checkpoint/document-management-system/server/config/config.js
FNF:0
FNH:0
DA:1,1
DA:3,1
DA:6,1
DA:22,1
LF:4
LH:4
BRF:0
BRH:0
end_of_record
TN:
SF:/Users/andeladeveloper/Documents/Javascript/checkpoint/document-management-system/server/controllers/DocumentsController.js
FN:20,(anonymous_7)
FN:24,(anonymous_8)
FN:38,(anonymous_10)
FN:53,(anonymous_12)
FN:57,(anonymous_13)
FN:75,(anonymous_15)
FN:79,(anonymous_16)
FN:93,(anonymous_18)
FN:104,(anonymous_20)
FN:106,(anonymous_21)
FN:128,(anonymous_23)
FN:131,(anonymous_24)
FN:146,(anonymous_26)
FN:148,(anonymous_27)
FNF:14
FNH:8
FNDA:1,(anonymous_7)
FNDA:0,(anonymous_8)
FNDA:0,(anonymous_10)
FNDA:3,(anonymous_12)
FNDA:2,(anonymous_13)
FNDA:2,(anonymous_15)
FNDA:0,(anonymous_16)
FNDA:0,(anonymous_18)
FNDA:1,(anonymous_20)
FNDA:1,(anonymous_21)
FNDA:0,(anonymous_23)
FNDA:0,(anonymous_24)
FNDA:1,(anonymous_26)
FNDA:1,(anonymous_27)
DA:1,1
DA:15,1
DA:21,1
DA:25,0
DA:37,0
DA:39,0
DA:51,5
DA:52,5
DA:54,3
DA:58,2
DA:70,2
DA:76,2
DA:80,0
DA:92,0
DA:93,0
DA:103,1
DA:105,1
DA:107,1
DA:120,0
DA:122,0
DA:129,0
DA:132,0
DA:145,1
DA:147,1
DA:149,1
LF:25
LH:15
BRDA:16,0,0,1
BRDA:16,0,1,1
BRDA:17,1,0,1
BRDA:17,1,1,1
BRDA:17,2,0,1
BRDA:17,2,1,1
BRDA:71,3,0,2
BRDA:71,3,1,2
BRDA:72,4,0,2
BRDA:72,4,1,2
BRDA:124,5,0,0
BRDA:124,5,1,0
BRDA:125,6,0,0
BRDA:125,6,1,0
BRF:14
BRH:10
end_of_record
TN:
SF:/Users/andeladeveloper/Documents/Javascript/checkpoint/document-management-system/server/controllers/RolesController.js
FN:16,(anonymous_7)
FN:40,(anonymous_10)
FN:44,(anonymous_11)
FN:59,(anonymous_13)
FN:67,(anonymous_14)
FN:71,(anonymous_15)
FN:89,(anonymous_17)
FNF:7
FNH:2
FNDA:0,(anonymous_7)
FNDA:0,(anonymous_10)
FNDA:0,(anonymous_11)
FNDA:2,(anonymous_13)
FNDA:1,(anonymous_14)
FNDA:0,(anonymous_15)
FNDA:0,(anonymous_17)
DA:1,1
DA:15,0
DA:17,0
DA:29,0
DA:39,0
DA:40,0
DA:45,0
DA:58,2
DA:60,2
DA:61,1
DA:66,1
DA:68,1
DA:72,0
DA:85,0
DA:90,0
LF:15
LH:6
BRDA:60,0,0,1
BRDA:60,0,1,1
BRF:2
BRH:2
end_of_record
TN:
SF:/Users/andeladeveloper/Documents/Javascript/checkpoint/document-management-system/server/controllers/UsersController.js
FN:5,userRecordDetail
FN:36,(anonymous_9)
FN:81,(anonymous_12)
FN:105,(anonymous_13)
FN:122,(anonymous_14)
FN:146,(anonymous_16)
FN:167,(anonymous_18)
FN:169,(anonymous_19)
FN:174,(anonymous_20)
FN:194,(anonymous_22)
FN:203,(anonymous_23)
FN:225,(anonymous_25)
FN:237,(anonymous_27)
FN:239,(anonymous_28)
FNF:14
FNH:9
FNDA:19,userRecordDetail
FNDA:13,(anonymous_9)
FNDA:8,(anonymous_12)
FNDA:5,(anonymous_13)
FNDA:0,(anonymous_14)
FNDA:0,(anonymous_16)
FNDA:2,(anonymous_18)
FNDA:2,(anonymous_19)
FNDA:0,(anonymous_20)
FNDA:0,(anonymous_22)
FNDA:0,(anonymous_23)
FNDA:1,(anonymous_25)
FNDA:1,(anonymous_27)
FNDA:1,(anonymous_28)
DA:1,1
DA:2,1
DA:5,19
DA:30,13
DA:38,13
DA:39,12
DA:45,12
DA:48,1
DA:61,1
DA:63,1
DA:65,1
DA:76,8
DA:81,24
DA:83,8
DA:84,2
DA:89,6
DA:91,6
DA:92,6
DA:93,1
DA:98,5
DA:104,5
DA:106,5
DA:114,5
DA:115,5
DA:123,0
DA:140,0
DA:148,0
DA:149,0
DA:154,0
DA:165,2
DA:168,2
DA:169,2
DA:175,0
DA:189,0
DA:190,0
DA:195,0
DA:204,0
DA:216,1
DA:225,1
DA:235,1
DA:238,1
DA:240,1
LF:42
LH:32
BRDA:38,0,0,12
BRDA:38,0,1,1
BRDA:38,1,0,13
BRDA:38,1,1,12
BRDA:61,2,0,1
BRDA:61,2,1,0
BRDA:83,3,0,2
BRDA:83,3,1,6
BRDA:92,4,0,1
BRDA:92,4,1,5
BRDA:148,5,0,0
BRDA:148,5,1,0
BRF:12
BRH:9
end_of_record
TN:
SF:/Users/andeladeveloper/Documents/Javascript/checkpoint/document-management-system/server/middleware/Access.js
FN:37,(anonymous_9)
FN:73,(anonymous_12)
FN:91,(anonymous_14)
FN:133,(anonymous_17)
FN:195,(anonymous_21)
FNF:5
FNH:5
FNDA:47,(anonymous_9)
FNDA:7,(anonymous_12)
FNDA:4,(anonymous_14)
FNDA:2,(anonymous_17)
FNDA:2,(anonymous_21)
DA:1,1
DA:2,1
DA:18,94
DA:19,94
DA:29,51
DA:31,51
DA:32,4
DA:37,47
DA:38,47
DA:39,0
DA:44,47
DA:45,47
DA:57,11
DA:58,6
DA:60,5
DA:72,9
DA:74,7
DA:75,4
DA:77,3
DA:90,4
DA:92,4
DA:94,2
DA:95,2
DA:97,0
DA:98,2
DA:100,0
DA:103,2
DA:116,2
DA:118,2
DA:120,0
DA:132,2
DA:134,2
DA:135,2
DA:137,0
DA:150,0
DA:151,0
DA:152,0
DA:153,0
DA:154,0
DA:155,0
DA:157,0
DA:170,0
DA:171,0
DA:174,0
DA:175,0
DA:178,0
DA:182,0
DA:184,0
DA:194,2
DA:197,2
DA:199,1
DA:202,1
LF:52
LH:33
BRDA:18,0,0,94
BRDA:18,0,1,94
BRDA:29,1,0,51
BRDA:29,1,1,51
BRDA:31,2,0,4
BRDA:31,2,1,47
BRDA:38,3,0,0
BRDA:38,3,1,47
BRDA:57,4,0,6
BRDA:57,4,1,5
BRDA:74,5,0,4
BRDA:74,5,1,3
BRDA:92,6,0,2
BRDA:92,6,1,2
BRDA:95,7,0,0
BRDA:95,7,1,2
BRDA:98,8,0,0
BRDA:98,8,1,2
BRDA:116,9,0,2
BRDA:116,9,1,0
BRDA:116,10,0,2
BRDA:116,10,1,0
BRDA:134,11,0,2
BRDA:134,11,1,0
BRDA:150,12,0,0
BRDA:150,12,1,0
BRDA:153,13,0,0
BRDA:153,13,1,0
BRDA:174,14,0,0
BRDA:174,14,1,0
BRDA:197,15,0,1
BRDA:197,15,1,1
BRDA:197,16,0,2
BRDA:197,16,1,1
BRF:34
BRH:22
end_of_record
TN:
SF:/Users/andeladeveloper/Documents/Javascript/checkpoint/document-management-system/server/models/documents.js
FN:1,(anonymous_0)
FN:20,associate
FNF:2
FNH:2
FNDA:1,(anonymous_0)
FNDA:1,associate
DA:1,1
DA:2,1
DA:22,1
DA:29,1
LF:4
LH:4
BRF:0
BRH:0
end_of_record
TN:
SF:/Users/andeladeveloper/Documents/Javascript/checkpoint/document-management-system/server/models/index.js
FN:17,(anonymous_2)
FN:21,(anonymous_3)
FN:26,(anonymous_4)
FNF:3
FNH:3
FNDA:5,(anonymous_2)
FNDA:4,(anonymous_3)
FNDA:4,(anonymous_4)
DA:1,1
DA:2,1
DA:3,1
DA:4,1
DA:6,1
DA:8,1
DA:9,1
DA:11,1
DA:12,1
DA:13,1
DA:15,1
DA:17,5
DA:22,4
DA:23,4
DA:26,1
DA:27,4
DA:28,2
DA:32,1
DA:33,1
DA:34,1
LF:20
LH:20
BRDA:9,0,0,1
BRDA:9,0,1,0
BRDA:18,1,0,5
BRDA:18,1,1,5
BRDA:18,1,2,4
BRDA:27,2,0,2
BRDA:27,2,1,2
BRF:7
BRH:6
end_of_record
TN:
SF:/Users/andeladeveloper/Documents/Javascript/checkpoint/document-management-system/server/models/roles.js
FN:1,(anonymous_0)
FNF:1
FNH:1
FNDA:1,(anonymous_0)
DA:1,1
DA:3,1
DA:10,1
LF:3
LH:3
BRF:0
BRH:0
end_of_record
TN:
SF:/Users/andeladeveloper/Documents/Javascript/checkpoint/document-management-system/server/models/tokens.js
FN:1,(anonymous_0)
FNF:1
FNH:1
FNDA:1,(anonymous_0)
DA:1,1
DA:2,1
DA:9,1
LF:3
LH:3
BRF:0
BRH:0
end_of_record
TN:
SF:/Users/andeladeveloper/Documents/Javascript/checkpoint/document-management-system/server/models/users.js
FN:3,(anonymous_1)
FN:31,associate
FN:38,validPassword
FN:38,hashPassword
FN:59,beforeCreate
FN:59,beforeUpdate
FNF:6
FNH:6
FNDA:1,(anonymous_1)
FNDA:1,associate
FNDA:12,validPassword
FNDA:5,hashPassword
FNDA:5,beforeCreate
FNDA:2,beforeUpdate
DA:1,1
DA:3,1
DA:4,1
DA:32,1
DA:46,12
DA:55,5
DA:61,5
DA:65,2
DA:66,0
DA:71,1
LF:10
LH:9
BRDA:65,0,0,0
BRDA:65,0,1,2
BRF:2
BRH:1
end_of_record
TN:
SF:/Users/andeladeveloper/Documents/Javascript/checkpoint/document-management-system/server/routes/DocumentsRoutes.js
FN:4,DocumentsRoutes
FNF:1
FNH:1
FNDA:1,DocumentsRoutes
DA:1,1
DA:2,1
DA:4,1
DA:5,1
DA:7,1
DA:11,1
DA:14,1
DA:29,1
DA:32,1
LF:9
LH:9
BRF:0
BRH:0
end_of_record
TN:
SF:/Users/andeladeveloper/Documents/Javascript/checkpoint/document-management-system/server/routes/RolesRoutes.js
FN:5,RoleRoutes
FNF:1
FNH:1
FNDA:1,RoleRoutes
DA:1,1
DA:2,1
DA:5,1
DA:6,1
DA:8,1
DA:12,1
LF:6
LH:6
BRF:0
BRH:0
end_of_record
TN:
SF:/Users/andeladeveloper/Documents/Javascript/checkpoint/document-management-system/server/routes/UsersRoutes.js
FN:4,UsersRoutes
FNF:1
FNH:1
FNDA:1,UsersRoutes
DA:1,1
DA:2,1
DA:4,1
DA:5,1
DA:7,1
DA:11,1
DA:14,1
DA:24,1
DA:27,1
LF:9
LH:9
BRF:0
BRH:0
end_of_record
TN:
SF:/Users/andeladeveloper/Documents/Javascript/checkpoint/document-management-system/server/routes/index.js
FN:5,Routes
FNF:1
FNH:1
FNDA:1,Routes
DA:1,1
DA:2,1
DA:3,1
DA:5,1
DA:6,1
DA:7,1
DA:8,1
LF:7
LH:7
BRF:0
BRH:0
end_of_record
